2026-03-21 20:35:14,787 [INFO] HAL: Health Report Generated: HEALTHY
2026-03-21 20:35:14,788 [INFO] HAL: Command 'echo' hot-loaded successfully.
2026-03-21 20:35:14,788 [INFO] HAL: Command 'net' hot-loaded successfully.
2026-03-21 20:35:14,789 [INFO] HAL: Command 'trap' hot-loaded successfully.
2026-03-21 20:35:14,789 [INFO] HAL: Command 'vault' hot-loaded successfully.
2026-03-21 20:35:14,792 [INFO] HAL: Node Online: 127.0.0.1:9001 [ID: node_1774096514]
2026-03-21 20:35:14,893 [INFO] HAL: Health Report Generated: HEALTHY
2026-03-21 20:35:19,604 [INFO] HAL: Health Report Generated: HEALTHY
2026-03-21 20:35:29,728 [INFO] HAL: Health Report Generated: HEALTHY
2026-03-21 20:35:46,203 [INFO] HAL: Health Report Generated: HEALTHY
2026-03-21 20:36:45,937 [ERROR] HAL: Security Violation: ERR_INVALID_OR_EXPIRED_TOKEN
2026-03-21 20:36:52,939 [ERROR] HAL: Security Violation: ERR_INVALID_OR_EXPIRED_TOKEN
2026-03-21 20:37:29,453 [ERROR] HAL: Security Violation: ERR_INVALID_OR_EXPIRED_TOKEN
2026-03-21 20:58:13,628 [INFO] HAL: Health Report Generated: HEALTHY
2026-03-21 20:58:13,629 [INFO] HAL: Command 'echo' hot-loaded successfully.
2026-03-21 20:58:13,629 [INFO] HAL: Command 'net' hot-loaded successfully.
2026-03-21 20:58:13,630 [INFO] HAL: Command 'trap' hot-loaded successfully.
2026-03-21 20:58:13,630 [INFO] HAL: Command 'vault' hot-loaded successfully.
2026-03-21 20:58:13,633 [INFO] HAL: Node Online: 127.0.0.1:9001 [ID: node_1774097893]
2026-03-21 20:58:13,734 [INFO] HAL: Health Report Generated: HEALTHY
2026-03-21 21:09:23,277 [INFO] HAL: Health Report Generated: HEALTHY
2026-03-21 21:09:23,277 [INFO] HAL: Command 'echo' hot-loaded successfully.
2026-03-21 21:09:23,278 [INFO] HAL: Command 'net' hot-loaded successfully.
2026-03-21 21:09:23,278 [INFO] HAL: Command 'trap' hot-loaded successfully.
2026-03-21 21:09:23,279 [INFO] HAL: Command 'vault' hot-loaded successfully.
2026-03-21 21:09:23,282 [INFO] HAL: Node Online: 127.0.0.1:9001 [ID: node_1774098563]
2026-03-21 21:09:23,383 [INFO] HAL: Health Report Generated: HEALTHY
